0 info it worked if it ends with ok
1 verbose cli [ 'C:\\Program Files (x86)\\nodejs\\\\node.exe',
1 verbose cli   'C:\\Program Files (x86)\\nodejs\\node_modules\\npm\\bin\\npm-cli.js',
1 verbose cli   'publish' ]
2 info using npm@1.4.28
3 info using node@v0.10.35
4 verbose node symlink C:\Program Files (x86)\nodejs\\node.exe
5 verbose publish [ '.' ]
6 verbose cache add [ '.', null ]
7 verbose cache add name=undefined spec="." args=[".",null]
8 verbose parsed url { protocol: null,
8 verbose parsed url   slashes: null,
8 verbose parsed url   auth: null,
8 verbose parsed url   host: null,
8 verbose parsed url   port: null,
8 verbose parsed url   hostname: null,
8 verbose parsed url   hash: null,
8 verbose parsed url   search: null,
8 verbose parsed url   query: null,
8 verbose parsed url   pathname: '.',
8 verbose parsed url   path: '.',
8 verbose parsed url   href: '.' }
9 silly lockFile 3a52ce78- .
10 verbose lock . C:\Users\BMW\AppData\Roaming\npm-cache\3a52ce78-.lock
11 verbose tar pack [ 'C:\\Users\\BMW\\AppData\\Roaming\\npm-cache\\the-model\\0.0.11\\package.tgz',
11 verbose tar pack   '.' ]
12 verbose tarball C:\Users\BMW\AppData\Roaming\npm-cache\the-model\0.0.11\package.tgz
13 verbose folder .
14 info prepublish the-model@0.0.11
15 silly lockFile 1f1177db-tar tar://.
16 verbose lock tar://. C:\Users\BMW\AppData\Roaming\npm-cache\1f1177db-tar.lock
17 silly lockFile 566c3406-che-the-model-0-0-11-package-tgz tar://C:\Users\BMW\AppData\Roaming\npm-cache\the-model\0.0.11\package.tgz
18 verbose lock tar://C:\Users\BMW\AppData\Roaming\npm-cache\the-model\0.0.11\package.tgz C:\Users\BMW\AppData\Roaming\npm-cache\566c3406-che-the-model-0-0-11-package-tgz.lock
19 silly lockFile 1f1177db-tar tar://.
20 silly lockFile 1f1177db-tar tar://.
21 silly lockFile 566c3406-che-the-model-0-0-11-package-tgz tar://C:\Users\BMW\AppData\Roaming\npm-cache\the-model\0.0.11\package.tgz
22 silly lockFile 566c3406-che-the-model-0-0-11-package-tgz tar://C:\Users\BMW\AppData\Roaming\npm-cache\the-model\0.0.11\package.tgz
23 silly lockFile 8954bc62-m-cache-the-model-0-0-11-package C:\Users\BMW\AppData\Roaming\npm-cache\the-model\0.0.11\package
24 verbose lock C:\Users\BMW\AppData\Roaming\npm-cache\the-model\0.0.11\package C:\Users\BMW\AppData\Roaming\npm-cache\8954bc62-m-cache-the-model-0-0-11-package.lock
25 silly lockFile 8954bc62-m-cache-the-model-0-0-11-package C:\Users\BMW\AppData\Roaming\npm-cache\the-model\0.0.11\package
26 silly lockFile 8954bc62-m-cache-the-model-0-0-11-package C:\Users\BMW\AppData\Roaming\npm-cache\the-model\0.0.11\package
27 silly lockFile 3a52ce78- .
28 silly lockFile 3a52ce78- .
29 silly publish { name: 'the-model',
29 silly publish   version: '0.0.11',
29 silly publish   description: 'the-model',
29 silly publish   main: 'app.js',
29 silly publish   author: { name: 'dm' },
29 silly publish   private: false,
29 silly publish   dependencies: { cheerio: '0.18.0' },
29 silly publish   scripts: { test: 'echo "Error: no test specified" && exit 1' },
29 silly publish   license: 'BSD',
29 silly publish   devDependencies: {},
29 silly publish   readme: '﻿# the-model\r\n\r\n\r\n',
29 silly publish   readmeFilename: 'README.md',
29 silly publish   _id: 'the-model@0.0.11',
29 silly publish   _shasum: '26ed96e241bebd9acab871397e4eaf2569c3edd6',
29 silly publish   _from: '.' }
30 verbose request where is /the-model
31 verbose request registry https://registry.npmjs.org/
32 verbose request id b72ea6fd037c4a42
33 verbose url raw /the-model
34 verbose url resolving [ 'https://registry.npmjs.org/', './the-model' ]
35 verbose url resolved https://registry.npmjs.org/the-model
36 verbose request where is https://registry.npmjs.org/the-model
37 info trying registry request attempt 1 at 22:34:38
38 http PUT https://registry.npmjs.org/the-model
39 http 403 https://registry.npmjs.org/the-model
40 verbose headers { date: 'Sun, 08 Feb 2015 21:34:42 GMT',
40 verbose headers   server: 'CouchDB/1.5.0 (Erlang OTP/R16B03)',
40 verbose headers   'content-type': 'application/json',
40 verbose headers   'cache-control': 'max-age=60',
40 verbose headers   'content-length': '1653',
40 verbose headers   'accept-ranges': 'bytes',
40 verbose headers   via: '1.1 varnish',
40 verbose headers   'x-served-by': 'cache-fra1228-FRA',
40 verbose headers   'x-cache': 'MISS',
40 verbose headers   'x-cache-hits': '0',
40 verbose headers   'x-timer': 'S1423431238.858203,VS0,VE43659',
40 verbose headers   'keep-alive': 'timeout=10, max=50',
40 verbose headers   connection: 'Keep-Alive' }
41 error publish Failed PUT 403
42 error Error: forbidden cannot modify pre-existing version: 0.0.11
42 error old={"name":"the-model","version":"0.0.11","description":"the-model","main":"app.js","author":{"name":"dm"},"private":false,"dependencies":{"cheerio":"0.18.0"},"scripts":{"test":"echo \"Error: no test specified\" && exit 1"},"license":"BSD","devDependencies":{},"_id":"the-model@0.0.11","_shasum":"83b8248d6033bf0b17d10b1e0fff4b4a54f3a495","_from":".","_npmVersion":"1.4.28","_npmUser":{"name":"doctorboo","email":"doctor.boo@outlook.com"},"maintainers":[{"name":"doctorboo","email":"doctor.boo@outlook.com"}],"dist":{"shasum":"83b8248d6033bf0b17d10b1e0fff4b4a54f3a495","tarball":"http://registry.npmjs.org/the-model/-/the-model-0.0.11.tgz"}}
42 error new={"name":"the-model","version":"0.0.11","description":"the-model","main":"app.js","author":{"name":"dm"},"private":false,"dependencies":{"cheerio":"0.18.0"},"scripts":{"test":"echo \"Error: no test specified\" && exit 1"},"license":"BSD","devDependencies":{},"readme":"﻿# the-model\u000d\u000a\u000d\u000a\u000d\u000a","readmeFilename":"README.md","_id":"the-model@0.0.11","_shasum":"26ed96e241bebd9acab871397e4eaf2569c3edd6","_from":".","_npmVersion":"1.4.28","_npmUser":{"name":"doctorboo","email":"doctor.boo@outlook.com"},"maintainers":[{"name":"doctorboo","email":"doctor.boo@outlook.com"}],"dist":{"shasum":"26ed96e241bebd9acab871397e4eaf2569c3edd6","tarball":"http://registry.npmjs.org/the-model/-/the-model-0.0.11.tgz"}}: the-model
42 error     at RegClient.<anonymous> (C:\Program Files (x86)\nodejs\node_modules\npm\node_modules\npm-registry-client\lib\request.js:308:14)
42 error     at Request._callback (C:\Program Files (x86)\nodejs\node_modules\npm\node_modules\npm-registry-client\lib\request.js:246:65)
42 error     at Request.self.callback (C:\Program Files (x86)\nodejs\node_modules\npm\node_modules\request\request.js:236:22)
42 error     at Request.emit (events.js:98:17)
42 error     at Request.<anonymous> (C:\Program Files (x86)\nodejs\node_modules\npm\node_modules\request\request.js:1142:14)
42 error     at Request.emit (events.js:117:20)
42 error     at IncomingMessage.<anonymous> (C:\Program Files (x86)\nodejs\node_modules\npm\node_modules\request\request.js:1096:12)
42 error     at IncomingMessage.emit (events.js:117:20)
42 error     at _stream_readable.js:944:16
42 error     at process._tickCallback (node.js:442:13)
43 error If you need help, you may report this *entire* log,
43 error including the npm and node versions, at:
43 error     <http://github.com/npm/npm/issues>
44 error System Windows_NT 6.1.7601
45 error command "C:\\Program Files (x86)\\nodejs\\\\node.exe" "C:\\Program Files (x86)\\nodejs\\node_modules\\npm\\bin\\npm-cli.js" "publish"
46 error cwd C:\_WS\MyWebCRM\ScrapYard\CalculusXRest\the-model
47 error node -v v0.10.35
48 error npm -v 1.4.28
49 verbose exit [ 1, true ]
